<?xml version="1.0" encoding="UTF-8"?>
<!-- Generated by org.testng.reporters.JUnitReportReporter -->
<testsuite hostname="DESKTOP-FI73TM2" failures="0" tests="1" name="com.naukri.tests.TestRunner" time="14.304" errors="0" timestamp="2025-04-09T12:44:17 IST" skipped="0">
  <testcase classname="com.naukri.tests.TestRunner" name="runScenario" time="14.304"/>
  <system-out/>
</testsuite> <!-- com.naukri.tests.TestRunner -->
