<?xml version="1.0" encoding="UTF-8"?>
<!-- Generated by org.testng.reporters.JUnitReportReporter -->
<testsuite hostname="DESKTOP-FI73TM2" failures="0" tests="1" name="com.naukri.tests.TestRunner" time="17.470" errors="0" timestamp="2025-07-10T10:20:18 IST" skipped="0">
  <testcase classname="com.naukri.tests.TestRunner" name="runScenario" time="17.470"/>
  <system-out/>
</testsuite> <!-- com.naukri.tests.TestRunner -->
