<?xml version="1.0" encoding="UTF-8"?>
<!-- Generated by org.testng.reporters.JUnitReportReporter -->
<testsuite hostname="DESKTOP-FI73TM2" failures="0" tests="1" name="com.naukri.tests.TestRunner" time="15.840" errors="0" timestamp="2025-07-08T18:04:55 IST" skipped="0">
  <testcase classname="com.naukri.tests.TestRunner" name="runScenario" time="15.840"/>
  <system-out/>
</testsuite> <!-- com.naukri.tests.TestRunner -->
